<?xml version="1.0" encoding="UTF-8"?>
<testng-results skipped="0" failed="0" ignored="0" total="1" passed="1">
  <reporter-output>
  </reporter-output>
  <suite name="Default suite" duration-ms="13398" started-at="2019-11-29T04:44:23Z" finished-at="2019-11-29T04:44:36Z">
    <groups>
    </groups>
    <test name="Default test" duration-ms="13398" started-at="2019-11-29T04:44:23Z" finished-at="2019-11-29T04:44:36Z">
      <class name="com.selenium.java.leaning.BasePage">
        <test-method status="PASS" signature="setUp()[pri:0, instance:com.selenium.java.leaning.BasePage@51081592]" name="setUp" is-config="true" duration-ms="12256" started-at="2019-11-28T22:44:23Z" finished-at="2019-11-28T22:44:35Z">
          <reporter-output>
          </reporter-output>
        </test-method> <!-- setUp -->
        <test-method status="PASS" signature="verifyPageTileTest()[pri:0, instance:com.selenium.java.leaning.BasePage@51081592]" name="verifyPageTileTest" duration-ms="36" started-at="2019-11-28T22:44:35Z" finished-at="2019-11-28T22:44:35Z">
          <reporter-output>
          </reporter-output>
        </test-method> <!-- verifyPageTileTest -->
        <test-method status="PASS" signature="tearDown()[pri:0, instance:com.selenium.java.leaning.BasePage@51081592]" name="tearDown" is-config="true" duration-ms="1067" started-at="2019-11-28T22:44:35Z" finished-at="2019-11-28T22:44:36Z">
          <reporter-output>
          </reporter-output>
        </test-method> <!-- tearDown -->
      </class> <!-- com.selenium.java.leaning.BasePage -->
    </test> <!-- Default test -->
  </suite> <!-- Default suite -->
</testng-results>
